<?xml version="1.0" encoding="UTF-8"?>
<!-- Generated by org.testng.reporters.JUnitReportReporter -->
<testsuite hostname="Yogeshs-MacBook-Air.local" failures="0" tests="1" name="FrameworkTest.ValidateTextLandingPage" time="2.533" errors="0" timestamp="2022-05-06T15:45:19 IST" skipped="0">
  <testcase classname="FrameworkTest.ValidateTextLandingPage" name="validate" time="2.533"/>
  <system-out/>
</testsuite> <!-- FrameworkTest.ValidateTextLandingPage -->
