<?xml version="1.0" encoding="UTF-8"?>
<!-- Generated by org.testng.reporters.JUnitReportReporter -->
<testsuite hostname="Yogeshs-MacBook-Air.local" failures="0" tests="1" name="Framework.Login" time="14.881" errors="0" timestamp="2022-05-04T19:59:45 IST" skipped="0">
  <testcase classname="Framework.Login" name="login" time="14.881"/>
  <system-out/>
</testsuite> <!-- Framework.Login -->
